{
  "stats": {
    "suites": 3,
    "tests": 10,
    "passes": 10,
    "pending": 0,
    "failures": 0,
    "start": "2025-11-03T02:51:16.275Z",
    "end": "2025-11-03T02:53:01.081Z",
    "duration": 104806,
    "testsRegistered": 10,
    "passPercent": 100,
    "pendingPercent": 0,
    "other": 0,
    "hasOther": false,
    "skipped": 0,
    "hasSkipped": false
  },
  "results": [
    {
      "uuid": "c7117e7e-5d15-4789-891f-d3bbdf04c71d",
      "title": "",
      "fullFile": "cypress\\e2e\\automation-exercise-modules.cy.js",
      "file": "cypress\\e2e\\automation-exercise-modules.cy.js",
      "beforeHooks": [],
      "afterHooks": [],
      "tests": [],
      "suites": [
        {
          "uuid": "d4120ca4-3efd-4525-8a0b-ac0b045499ff",
          "title": "Automation Exercise",
          "fullFile": "",
          "file": "",
          "beforeHooks": [],
          "afterHooks": [],
          "tests": [],
          "suites": [
            {
              "uuid": "59aeefef-019e-4ccb-bedd-45133d8e6c44",
              "title": "Testes de Login, Registro e Logout",
              "fullFile": "",
              "file": "",
              "beforeHooks": [],
              "afterHooks": [],
              "tests": [
                {
                  "title": "Registrar usuário com sucesso",
                  "fullTitle": "Automation Exercise Testes de Login, Registro e Logout Registrar usuário com sucesso",
                  "timedOut": null,
                  "duration": 18649,
                  "state": "passed",
                  "speed": "slow",
                  "pass": true,
                  "fail": false,
                  "pending": false,
                  "context": null,
                  "code": "(0, _index2.preencherCadastroPreLogin)();\n(0, _index2.preencherFormularioCadastro)();",
                  "err": {},
                  "uuid": "dafcccd4-b55a-488a-ba76-472ad30c3b5b",
                  "parentUUID": "59aeefef-019e-4ccb-bedd-45133d8e6c44",
                  "isHook": false,
                  "skipped": false
                },
                {
                  "title": "Login de Usuário com e-mail e senha corretos",
                  "fullTitle": "Automation Exercise Testes de Login, Registro e Logout Login de Usuário com e-mail e senha corretos",
                  "timedOut": null,
                  "duration": 6905,
                  "state": "passed",
                  "speed": "medium",
                  "pass": true,
                  "fail": false,
                  "pending": false,
                  "context": null,
                  "code": "(0, _index4.loginUsuarioSenhaCorreto)();",
                  "err": {},
                  "uuid": "e3d59d58-7238-4fd5-ab3e-f4466ec73817",
                  "parentUUID": "59aeefef-019e-4ccb-bedd-45133d8e6c44",
                  "isHook": false,
                  "skipped": false
                },
                {
                  "title": "Login de Usuário com e-mail e senha incorretos",
                  "fullTitle": "Automation Exercise Testes de Login, Registro e Logout Login de Usuário com e-mail e senha incorretos",
                  "timedOut": null,
                  "duration": 4996,
                  "state": "passed",
                  "speed": "fast",
                  "pass": true,
                  "fail": false,
                  "pending": false,
                  "context": null,
                  "code": "(0, _index4.loginUsuarioSenhaIncorreto)();",
                  "err": {},
                  "uuid": "1596696e-84f5-492b-9f21-c430965f632a",
                  "parentUUID": "59aeefef-019e-4ccb-bedd-45133d8e6c44",
                  "isHook": false,
                  "skipped": false
                },
                {
                  "title": "Logout de usuário",
                  "fullTitle": "Automation Exercise Testes de Login, Registro e Logout Logout de usuário",
                  "timedOut": null,
                  "duration": 7805,
                  "state": "passed",
                  "speed": "medium",
                  "pass": true,
                  "fail": false,
                  "pending": false,
                  "context": null,
                  "code": "(0, _index4.loginUsuarioSenhaCorreto)();\n(0, _index4.realizarLogoutUsuario)();",
                  "err": {},
                  "uuid": "a3556be5-6ab8-40c5-9fbf-eefaad84e4ee",
                  "parentUUID": "59aeefef-019e-4ccb-bedd-45133d8e6c44",
                  "isHook": false,
                  "skipped": false
                },
                {
                  "title": "Cadastrar um usuário existente",
                  "fullTitle": "Automation Exercise Testes de Login, Registro e Logout Cadastrar um usuário existente",
                  "timedOut": null,
                  "duration": 4772,
                  "state": "passed",
                  "speed": "fast",
                  "pass": true,
                  "fail": false,
                  "pending": false,
                  "context": null,
                  "code": "(0, _index2.realizarCadastroComDadosExistentes)();",
                  "err": {},
                  "uuid": "1a8cbfc2-2102-46cd-a155-14a560647cd9",
                  "parentUUID": "59aeefef-019e-4ccb-bedd-45133d8e6c44",
                  "isHook": false,
                  "skipped": false
                },
                {
                  "title": "Logar com usuário válido e realizar uma compra",
                  "fullTitle": "Automation Exercise Testes de Login, Registro e Logout Logar com usuário válido e realizar uma compra",
                  "timedOut": null,
                  "duration": 29233,
                  "state": "passed",
                  "speed": "slow",
                  "pass": true,
                  "fail": false,
                  "pending": false,
                  "context": null,
                  "code": "(0, _index2.preencherCadastroPreLogin)();\n(0, _index2.preencherFormularioCadastro)();\n(0, _index6.incluirProdutosCarrinho)();\n(0, _index2.deletarConta)();",
                  "err": {},
                  "uuid": "951d3402-cee4-4ced-a8dd-ca5a4a912d93",
                  "parentUUID": "59aeefef-019e-4ccb-bedd-45133d8e6c44",
                  "isHook": false,
                  "skipped": false
                }
              ],
              "suites": [],
              "passes": [
                "dafcccd4-b55a-488a-ba76-472ad30c3b5b",
                "e3d59d58-7238-4fd5-ab3e-f4466ec73817",
                "1596696e-84f5-492b-9f21-c430965f632a",
                "a3556be5-6ab8-40c5-9fbf-eefaad84e4ee",
                "1a8cbfc2-2102-46cd-a155-14a560647cd9",
                "951d3402-cee4-4ced-a8dd-ca5a4a912d93"
              ],
              "failures": [],
              "pending": [],
              "skipped": [],
              "duration": 72360,
              "root": false,
              "rootEmpty": false,
              "_timeout": 2000
            },
            {
              "uuid": "225ffaf4-2905-4348-8bd9-03162a578c91",
              "title": "Testes sem acesso a login",
              "fullFile": "",
              "file": "",
              "beforeHooks": [],
              "afterHooks": [],
              "tests": [
                {
                  "title": "Envio de formulário com arquivo \"Contact US\"",
                  "fullTitle": "Automation Exercise Testes sem acesso a login Envio de formulário com arquivo \"Contact US\"",
                  "timedOut": null,
                  "duration": 7173,
                  "state": "passed",
                  "speed": "medium",
                  "pass": true,
                  "fail": false,
                  "pending": false,
                  "context": null,
                  "code": "(0, _index3.realizarEnvioFormContato)();",
                  "err": {},
                  "uuid": "06286cdb-ece9-472c-80e3-6abff401a39d",
                  "parentUUID": "225ffaf4-2905-4348-8bd9-03162a578c91",
                  "isHook": false,
                  "skipped": false
                },
                {
                  "title": "Verificar todos os produtos e a página de detalhes do produto",
                  "fullTitle": "Automation Exercise Testes sem acesso a login Verificar todos os produtos e a página de detalhes do produto",
                  "timedOut": null,
                  "duration": 5991,
                  "state": "passed",
                  "speed": "medium",
                  "pass": true,
                  "fail": false,
                  "pending": false,
                  "context": null,
                  "code": "(0, _index5.verificarProdutosEDetalhes)();",
                  "err": {},
                  "uuid": "e73e9d43-f56a-487f-88e1-eb2847033a0c",
                  "parentUUID": "225ffaf4-2905-4348-8bd9-03162a578c91",
                  "isHook": false,
                  "skipped": false
                },
                {
                  "title": "Realizar pesquisa de produto",
                  "fullTitle": "Automation Exercise Testes sem acesso a login Realizar pesquisa de produto",
                  "timedOut": null,
                  "duration": 6182,
                  "state": "passed",
                  "speed": "medium",
                  "pass": true,
                  "fail": false,
                  "pending": false,
                  "context": null,
                  "code": "(0, _index5.pesquisarProduto)();",
                  "err": {},
                  "uuid": "35da0573-d206-4044-b670-9dd56f6bbc14",
                  "parentUUID": "225ffaf4-2905-4348-8bd9-03162a578c91",
                  "isHook": false,
                  "skipped": false
                },
                {
                  "title": "Verificar assinatura rodapé",
                  "fullTitle": "Automation Exercise Testes sem acesso a login Verificar assinatura rodapé",
                  "timedOut": null,
                  "duration": 3161,
                  "state": "passed",
                  "speed": "fast",
                  "pass": true,
                  "fail": false,
                  "pending": false,
                  "context": null,
                  "code": "(0, _index3.verificarAssinatura)();",
                  "err": {},
                  "uuid": "74cebc87-9e1a-4c20-adfb-0367a1824f98",
                  "parentUUID": "225ffaf4-2905-4348-8bd9-03162a578c91",
                  "isHook": false,
                  "skipped": false
                }
              ],
              "suites": [],
              "passes": [
                "06286cdb-ece9-472c-80e3-6abff401a39d",
                "e73e9d43-f56a-487f-88e1-eb2847033a0c",
                "35da0573-d206-4044-b670-9dd56f6bbc14",
                "74cebc87-9e1a-4c20-adfb-0367a1824f98"
              ],
              "failures": [],
              "pending": [],
              "skipped": [],
              "duration": 22507,
              "root": false,
              "rootEmpty": false,
              "_timeout": 2000
            }
          ],
          "passes": [],
          "failures": [],
          "pending": [],
          "skipped": [],
          "duration": 0,
          "root": false,
          "rootEmpty": false,
          "_timeout": 2000
        }
      ],
      "passes": [],
      "failures": [],
      "pending": [],
      "skipped": [],
      "duration": 0,
      "root": true,
      "rootEmpty": true,
      "_timeout": 2000
    }
  ],
  "meta": {
    "mocha": {
      "version": "7.0.1"
    },
    "mochawesome": {
      "options": {
        "quiet": false,
        "reportFilename": "mochawesome",
        "saveHtml": false,
        "saveJson": true,
        "consoleReporter": "spec",
        "useInlineDiffs": false,
        "code": true
      },
      "version": "7.1.4"
    },
    "marge": {
      "options": {
        "reporterEnabled": "mochawesome",
        "mochawesomeReporterOptions": {
          "reportDir": "cypress/reports/mocha",
          "quiet": true,
          "overwrite": false,
          "html": false,
          "json": true
        },
        "overwrite": false,
        "html": false,
        "json": true,
        "reportDir": "cypress\\reports\\html\\.jsons"
      },
      "version": "6.3.0"
    }
  }
}